Swan Retail Data Import Wizard
Copyright 2004, Swan Retail Limited

Input File    : \\tsclient\P\Silvia\Loyalty_1st.xlsx

Record : 2
Error - java.lang.NullPointerException

Record : 3
Error - java.lang.NullPointerException

Record : 4
Error - java.lang.NullPointerException

Record : 5
Error - java.lang.NullPointerException

Record : 6
Error - java.lang.NullPointerException

Record : 7
Error - java.lang.NullPointerException

Record : 8
Error - java.lang.NullPointerException

Record : 9
Error - java.lang.NullPointerException

Record : 10
Error - java.lang.NullPointerException

Record : 11
Error - java.lang.NullPointerException

Record : 12
Error - java.lang.NullPointerException

Record : 13
Error - java.lang.NullPointerException

Record : 14
Error - java.lang.NullPointerException

Record : 15
Error - java.lang.NullPointerException

Record : 16
Error - java.lang.NullPointerException

Record : 17
Error - java.lang.NullPointerException

Record : 18
Error - java.lang.NullPointerException

Record : 19
Error - java.lang.NullPointerException

Record : 20
Error - java.lang.NullPointerException

Record : 21
Error - java.lang.NullPointerException

Record : 22
Error - java.lang.NullPointerException

Record : 23
Error - java.lang.NullPointerException

Record : 24
Error - java.lang.NullPointerException

Record : 25
Error - java.lang.NullPointerException

Record : 26
Error - java.lang.NullPointerException

Record : 27
Error - java.lang.NullPointerException

Record : 28
Error - java.lang.NullPointerException

Record : 29
Error - java.lang.NullPointerException

Record : 30
Error - java.lang.NullPointerException

Record : 31
Error - java.lang.NullPointerException

Record : 32
Error - java.lang.NullPointerException

Record : 33
Error - java.lang.NullPointerException

Record : 34
Error - java.lang.NullPointerException

Record : 35
Error - java.lang.NullPointerException

Record : 36
Error - java.lang.NullPointerException

Record : 37
Error - java.lang.NullPointerException

Record : 38
Error - java.lang.NullPointerException

Record : 39
Error - java.lang.NullPointerException

Record : 40
Error - java.lang.NullPointerException

Record : 41
Error - java.lang.NullPointerException

Record : 42
Error - java.lang.NullPointerException

Record : 43
Error - java.lang.NullPointerException

Record : 44
Error - java.lang.NullPointerException

Record : 45
Error - java.lang.NullPointerException

Record : 46
Error - java.lang.NullPointerException

Record : 47
Error - java.lang.NullPointerException

Record : 48
Error - java.lang.NullPointerException

Record : 49
Error - java.lang.NullPointerException

Record : 50
Error - java.lang.NullPointerException

Record : 51
Error - java.lang.NullPointerException

Record : 52
Error - java.lang.NullPointerException

Record : 53
Error - java.lang.NullPointerException

Record : 54
Error - java.lang.NullPointerException

Record : 55
Error - java.lang.NullPointerException

Record : 56
Error - java.lang.NullPointerException

Record : 57
Error - java.lang.NullPointerException

Record : 58
Error - java.lang.NullPointerException

Record : 59
Error - java.lang.NullPointerException

Record : 60
Error - java.lang.NullPointerException

Record : 61
Error - java.lang.NullPointerException

Record : 62
Error - java.lang.NullPointerException

Record : 63
Error - java.lang.NullPointerException

Record : 64
Error - java.lang.NullPointerException

Record : 65
Error - java.lang.NullPointerException

Record : 66
Error - java.lang.NullPointerException

Record : 67
Error - java.lang.NullPointerException

Record : 68
Error - java.lang.NullPointerException

Record : 69
Error - java.lang.NullPointerException

Record : 70
Error - java.lang.NullPointerException

Record : 71
Error - java.lang.NullPointerException

Record : 72
Error - java.lang.NullPointerException

Record : 73
Error - java.lang.NullPointerException

Record : 74
Error - java.lang.NullPointerException

Record : 75
Error - java.lang.NullPointerException

Record : 76
Error - java.lang.NullPointerException

Record : 77
Error - java.lang.NullPointerException

Record : 78
Error - java.lang.NullPointerException

Record : 79
Error - java.lang.NullPointerException

Record : 80
Error - java.lang.NullPointerException

Record : 81
Error - java.lang.NullPointerException

Record : 82
Error - java.lang.NullPointerException

Record : 83
Error - java.lang.NullPointerException

Record : 84
Error - java.lang.NullPointerException

Record : 85
Error - java.lang.NullPointerException

Record : 86
Error - java.lang.NullPointerException

Record : 87
Error - java.lang.NullPointerException

Record : 88
Error - java.lang.NullPointerException

Record : 89
Error - java.lang.NullPointerException

Record : 90
Error - java.lang.NullPointerException

Record : 91
Error - java.lang.NullPointerException

Record : 92
Error - java.lang.NullPointerException

Record : 93
Error - java.lang.NullPointerException

Record : 94
Error - java.lang.NullPointerException

Record : 95
Error - java.lang.NullPointerException

Record : 96
Error - java.lang.NullPointerException

Record : 97
Error - java.lang.NullPointerException

Record : 98
Error - java.lang.NullPointerException

Record : 99
Error - java.lang.NullPointerException

Record : 100
Error - java.lang.NullPointerException

Record : 101
Error - java.lang.NullPointerException

Record : 102
Error - java.lang.NullPointerException

Record : 103
Error - java.lang.NullPointerException

Record : 104
Error - java.lang.NullPointerException

Record : 105
Error - java.lang.NullPointerException

Record : 106
Error - java.lang.NullPointerException

Record : 107
Error - java.lang.NullPointerException

Record : 108
Error - java.lang.NullPointerException

Record : 109
Error - java.lang.NullPointerException

Record : 110
Error - java.lang.NullPointerException

Record : 111
Error - java.lang.NullPointerException

Record : 112
Error - java.lang.NullPointerException

Record : 113
Error - java.lang.NullPointerException

Record : 114
Warning - PostCode (TD11  3BL) - length exceeds 8 characters

Record : 114
Error - java.lang.NullPointerException

Record : 115
Error - java.lang.NullPointerException

Record : 116
Error - java.lang.NullPointerException

Record : 117
Error - java.lang.NullPointerException

Record : 118
Error - java.lang.NullPointerException

Record : 119
Error - java.lang.NullPointerException

Record : 120
Error - java.lang.NullPointerException

Record : 121
Error - java.lang.NullPointerException

Record : 122
Error - java.lang.NullPointerException

Record : 123
Error - java.lang.NullPointerException

Record : 124
Error - java.lang.NullPointerException

Record : 125
Error - java.lang.NullPointerException

Record : 126
Error - java.lang.NullPointerException

Record : 127
Error - java.lang.NullPointerException

Record : 128
Error - java.lang.NullPointerException

Record : 129
Error - java.lang.NullPointerException

Record : 130
Error - java.lang.NullPointerException

Record : 131
Error - java.lang.NullPointerException

Record : 132
Error - java.lang.NullPointerException

Record : 133
Error - java.lang.NullPointerException

Record : 134
Error - java.lang.NullPointerException

Record : 135
Error - java.lang.NullPointerException

Record : 136
Error - java.lang.NullPointerException

Record : 137
Error - java.lang.NullPointerException

Record : 138
Error - java.lang.NullPointerException

Record : 139
Error - java.lang.NullPointerException

Record : 140
Error - java.lang.NullPointerException

Record : 141
Error - java.lang.NullPointerException

Record : 142
Error - java.lang.NullPointerException

Record : 143
Error - java.lang.NullPointerException

Record : 144
Error - java.lang.NullPointerException

Record : 145
Error - java.lang.NullPointerException

Record : 146
Error - java.lang.NullPointerException

Record : 147
Error - java.lang.NullPointerException

Record : 148
Error - java.lang.NullPointerException

Record : 149
Error - java.lang.NullPointerException

Record : 150
Error - java.lang.NullPointerException

Record : 151
Error - java.lang.NullPointerException

Record : 152
Error - java.lang.NullPointerException

Record : 153
Error - java.lang.NullPointerException

Record : 154
Error - java.lang.NullPointerException

Record : 155
Error - java.lang.NullPointerException

Record : 156
Error - java.lang.NullPointerException

Record : 157
Error - java.lang.NullPointerException

Record : 158
Error - java.lang.NullPointerException

Record : 159
Error - java.lang.NullPointerException

Record : 160
Error - java.lang.NullPointerException

Record : 161
Error - java.lang.NullPointerException

Record : 162
Error - java.lang.NullPointerException

Record : 163
Error - java.lang.NullPointerException

Record : 164
Error - java.lang.NullPointerException

Record : 165
Error - java.lang.NullPointerException

Record : 166
Error - java.lang.NullPointerException

Record : 167
Error - java.lang.NullPointerException

Record : 168
Error - java.lang.NullPointerException

Record : 169
Error - java.lang.NullPointerException

Record : 170
Error - java.lang.NullPointerException

Record : 171
Error - java.lang.NullPointerException

Record : 172
Error - java.lang.NullPointerException

Record : 173
Error - java.lang.NullPointerException

Record : 174
Error - java.lang.NullPointerException

Record : 175
Error - java.lang.NullPointerException

Record : 176
Error - java.lang.NullPointerException

Record : 177
Error - java.lang.NullPointerException

Record : 178
Error - java.lang.NullPointerException

Record : 179
Error - java.lang.NullPointerException

Record : 180
Error - java.lang.NullPointerException

Record : 181
Error - java.lang.NullPointerException

Record : 182
Error - java.lang.NullPointerException

Record : 183
Error - java.lang.NullPointerException

Record : 184
Error - java.lang.NullPointerException

Record : 185
Error - java.lang.NullPointerException

Record : 186
Error - java.lang.NullPointerException

Record : 187
Error - java.lang.NullPointerException

Record : 188
Error - java.lang.NullPointerException

Record : 189
Error - java.lang.NullPointerException

Record : 190
Error - java.lang.NullPointerException

Record : 191
Error - java.lang.NullPointerException

Record : 192
Error - java.lang.NullPointerException

Record : 193
Error - java.lang.NullPointerException

Record : 194
Error - java.lang.NullPointerException

Record : 195
Error - java.lang.NullPointerException

Record : 196
Error - java.lang.NullPointerException

Record : 197
Error - java.lang.NullPointerException

Record : 198
Error - java.lang.NullPointerException

Record : 199
Error - java.lang.NullPointerException

Record : 200
Error - java.lang.NullPointerException

Record : 201
Error - java.lang.NullPointerException

Record : 202
Error - java.lang.NullPointerException

Record : 203
Error - java.lang.NullPointerException

Record : 204
Error - java.lang.NullPointerException

Record : 205
Error - java.lang.NullPointerException

Record : 206
Error - java.lang.NullPointerException

Record : 207
Error - java.lang.NullPointerException

Record : 208
Error - java.lang.NullPointerException

Record : 209
Error - java.lang.NullPointerException

Record : 210
Error - java.lang.NullPointerException

Record : 211
Error - java.lang.NullPointerException

Record : 212
Error - java.lang.NullPointerException

Record : 213
Error - java.lang.NullPointerException

Record : 214
Error - java.lang.NullPointerException

Record : 215
Error - java.lang.NullPointerException

Record : 216
Error - java.lang.NullPointerException

Record : 217
Error - java.lang.NullPointerException

Record : 218
Error - java.lang.NullPointerException

Record : 219
Error - java.lang.NullPointerException

Record : 220
Error - java.lang.NullPointerException

Record : 221
Error - java.lang.NullPointerException

Record : 222
Error - java.lang.NullPointerException

Record : 223
Error - java.lang.NullPointerException

Record : 224
Error - java.lang.NullPointerException

Record : 225
Error - java.lang.NullPointerException

Record : 226
Error - java.lang.NullPointerException

Record : 227
Error - java.lang.NullPointerException

Record : 228
Error - java.lang.NullPointerException

Record : 229
Error - java.lang.NullPointerException

Record : 230
Error - java.lang.NullPointerException

Record : 231
Error - java.lang.NullPointerException

Record : 232
Error - java.lang.NullPointerException

Record : 233
Error - java.lang.NullPointerException

Record : 234
Error - java.lang.NullPointerException

Record : 235
Error - java.lang.NullPointerException

Record : 236
Error - java.lang.NullPointerException

Record : 237
Error - java.lang.NullPointerException

Record : 238
Error - java.lang.NullPointerException

Record : 239
Error - java.lang.NullPointerException

Record : 240
Error - java.lang.NullPointerException

Record : 241
Error - java.lang.NullPointerException

Record : 242
Error - java.lang.NullPointerException

Record : 243
Error - java.lang.NullPointerException

Record : 244
Error - java.lang.NullPointerException

Record : 245
Error - java.lang.NullPointerException

Record : 246
Error - java.lang.NullPointerException

Record : 247
Error - java.lang.NullPointerException

Record : 248
Error - java.lang.NullPointerException

Record : 249
Error - java.lang.NullPointerException

Record : 250
Error - java.lang.NullPointerException

Record : 251
Error - java.lang.NullPointerException

Record : 252
Error - java.lang.NullPointerException

Record : 253
Error - java.lang.NullPointerException

Record : 254
Error - java.lang.NullPointerException

Record : 255
Error - java.lang.NullPointerException

Record : 256
Error - java.lang.NullPointerException

Record : 257
Error - java.lang.NullPointerException

Record : 258
Error - java.lang.NullPointerException

Record : 259
Error - java.lang.NullPointerException

Record : 260
Error - java.lang.NullPointerException

Record : 261
Error - java.lang.NullPointerException

Record : 262
Error - java.lang.NullPointerException

Record : 263
Error - java.lang.NullPointerException

Record : 264
Error - java.lang.NullPointerException

Record : 265
Error - java.lang.NullPointerException

Record : 266
Error - java.lang.NullPointerException

Record : 267
Error - java.lang.NullPointerException

Record : 268
Error - java.lang.NullPointerException

Record : 269
Error - java.lang.NullPointerException

Record : 270
Error - java.lang.NullPointerException

Record : 271
Error - java.lang.NullPointerException

Record : 272
Error - java.lang.NullPointerException

Record : 273
Error - java.lang.NullPointerException

Record : 274
Error - java.lang.NullPointerException

Record : 275
Error - java.lang.NullPointerException

Record : 276
Error - java.lang.NullPointerException

Record : 277
Error - java.lang.NullPointerException

Record : 278
Error - java.lang.NullPointerException

Record : 279
Error - java.lang.NullPointerException

Record : 280
Error - java.lang.NullPointerException

Record : 281
Error - java.lang.NullPointerException

Record : 282
Error - java.lang.NullPointerException

Record : 283
Error - java.lang.NullPointerException

Record : 284
Error - java.lang.NullPointerException

Record : 285
Error - java.lang.NullPointerException

Record : 286
Error - java.lang.NullPointerException

Record : 287
Error - java.lang.NullPointerException

Record : 288
Error - java.lang.NullPointerException

Record : 289
Error - java.lang.NullPointerException

Record : 290
Error - java.lang.NullPointerException

Record : 291
Error - java.lang.NullPointerException

Record : 292
Error - java.lang.NullPointerException

Record : 293
Error - java.lang.NullPointerException

Record : 294
Error - java.lang.NullPointerException

Record : 295
Error - java.lang.NullPointerException

Record : 296
Error - java.lang.NullPointerException

Record : 297
Error - java.lang.NullPointerException

Record : 298
Error - java.lang.NullPointerException

Record : 299
Error - java.lang.NullPointerException

Record : 300
Error - java.lang.NullPointerException

Record : 301
Error - java.lang.NullPointerException

Record : 302
Error - java.lang.NullPointerException

Record : 303
Error - java.lang.NullPointerException

Record : 304
Error - java.lang.NullPointerException

Record : 305
Error - java.lang.NullPointerException

Record : 306
Error - java.lang.NullPointerException

Record : 307
Error - java.lang.NullPointerException

Record : 308
Error - java.lang.NullPointerException

Record : 309
Error - java.lang.NullPointerException

Record : 310
Error - java.lang.NullPointerException

Record : 311
Error - java.lang.NullPointerException

Record : 312
Error - java.lang.NullPointerException

Record : 313
Error - java.lang.NullPointerException

Record : 314
Error - java.lang.NullPointerException

Record : 315
Error - java.lang.NullPointerException

Record : 316
Error - java.lang.NullPointerException

Record : 317
Error - java.lang.NullPointerException

Record : 318
Error - java.lang.NullPointerException

Record : 319
Error - java.lang.NullPointerException

Record : 320
Error - java.lang.NullPointerException

Record : 321
Error - java.lang.NullPointerException

Record : 322
Error - java.lang.NullPointerException

Record : 323
Error - java.lang.NullPointerException

Record : 324
Error - java.lang.NullPointerException

Record : 325
Error - java.lang.NullPointerException

Record : 326
Error - java.lang.NullPointerException

Record : 327
Error - java.lang.NullPointerException

Record : 328
Error - java.lang.NullPointerException

Record : 329
Error - java.lang.NullPointerException

Record : 330
Error - java.lang.NullPointerException

Record : 331
Error - java.lang.NullPointerException

Record : 332
Error - java.lang.NullPointerException

Record : 333
Error - java.lang.NullPointerException

Record : 334
Error - java.lang.NullPointerException

Record : 335
Error - java.lang.NullPointerException

Record : 336
Error - java.lang.NullPointerException

Record : 337
Error - java.lang.NullPointerException

Record : 338
Error - java.lang.NullPointerException

Record : 339
Error - java.lang.NullPointerException

Record : 340
Error - java.lang.NullPointerException

Record : 341
Error - java.lang.NullPointerException

Record : 342
Error - java.lang.NullPointerException

Record : 343
Error - java.lang.NullPointerException

Record : 344
Error - java.lang.NullPointerException

Record : 345
Error - java.lang.NullPointerException

Record : 346
Error - java.lang.NullPointerException

Record : 347
Error - java.lang.NullPointerException

Record : 348
Error - java.lang.NullPointerException

Record : 349
Error - java.lang.NullPointerException

Record : 350
Error - java.lang.NullPointerException

Record : 351
Error - java.lang.NullPointerException

Record : 352
Error - java.lang.NullPointerException

Record : 353
Error - java.lang.NullPointerException

Record : 354
Error - java.lang.NullPointerException

Record : 355
Error - java.lang.NullPointerException

Record : 356
Error - java.lang.NullPointerException

Record : 357
Error - java.lang.NullPointerException

Record : 358
Error - java.lang.NullPointerException

Record : 359
Error - java.lang.NullPointerException

Record : 360
Error - java.lang.NullPointerException

Record : 361
Error - java.lang.NullPointerException

Record : 362
Error - java.lang.NullPointerException

Record : 363
Error - java.lang.NullPointerException

Record : 364
Error - java.lang.NullPointerException

Record : 365
Error - java.lang.NullPointerException

Record : 366
Error - java.lang.NullPointerException

Record : 367
Error - java.lang.NullPointerException

Record : 368
Error - java.lang.NullPointerException

Record : 369
Error - java.lang.NullPointerException

Record : 370
Error - java.lang.NullPointerException

Record : 371
Error - java.lang.NullPointerException

Record : 372
Error - java.lang.NullPointerException

Record : 373
Error - java.lang.NullPointerException

Record : 374
Error - java.lang.NullPointerException

Record : 375
Error - java.lang.NullPointerException

Record : 376
Error - java.lang.NullPointerException

Record : 377
Error - java.lang.NullPointerException

Record : 378
Error - java.lang.NullPointerException

Record : 379
Error - java.lang.NullPointerException

Record : 380
Error - java.lang.NullPointerException

Record : 381
Error - java.lang.NullPointerException

Record : 382
Error - java.lang.NullPointerException

Record : 383
Error - java.lang.NullPointerException

Record : 384
Error - java.lang.NullPointerException

Record : 385
Error - java.lang.NullPointerException

Record : 386
Error - java.lang.NullPointerException

Record : 387
Error - java.lang.NullPointerException

Record : 388
Error - java.lang.NullPointerException

Record : 389
Error - java.lang.NullPointerException

Record : 390
Error - java.lang.NullPointerException

Record : 391
Error - java.lang.NullPointerException

Record : 392
Error - java.lang.NullPointerException

Record : 393
Error - java.lang.NullPointerException

Record : 394
Error - java.lang.NullPointerException

Records Read      : 394
Warnings          : 1
Error Records     : 393

** End of Report **
