Swan Retail Data Import Wizard
Copyright 2004, Swan Retail Limited

Input File    : \\tsclient\P\Silvia\Automatic Templates\Item Creation\itemCreated_20220616.csv

Record : 2
Error - RangeCode3 (81259) - invalid code

Record : 3
Error - RangeCode3 (81259) - invalid code

Record : 4
Error - RangeCode3 (81259) - invalid code

Record : 5
Error - RangeCode3 (81259) - invalid code

Record : 6
Error - RangeCode3 (81259) - invalid code

Record : 7
Error - RangeCode3 (81259) - invalid code

Record : 8
Error - RangeCode3 (81259) - invalid code

Record : 9
Error - RangeCode3 (81259) - invalid code

Record : 10
Error - RangeCode3 (81259) - invalid code

Record : 11
Error - RangeCode3 (81259) - invalid code

Record : 12
Error - RangeCode3 (81259) - invalid code

Record : 13
Error - RangeCode3 (81259) - invalid code

Record : 14
Error - RangeCode3 (81259) - invalid code

Record : 15
Error - RangeCode3 (81259) - invalid code

Record : 16
Error - RangeCode3 (81259) - invalid code

Record : 17
Error - RangeCode3 (81259) - invalid code

Record : 18
Error - RangeCode3 (81259) - invalid code

Record : 19
Error - RangeCode3 (81259) - invalid code

Record : 20
Error - RangeCode3 (81259) - invalid code

Records Read      : 20
Warnings          : 0
Error Records     : 19

** End of Report **
